[1.012s] Invoking command in '/home/krisha/ros2_ws/src/build/my_robot_controller': PYTHONPATH=/home/krisha/ros2_ws/src/build/my_robot_controller/prefix_override:/home/krisha/.local/lib/python3.10/site-packages/colcon_core/task/python/colcon_distutils_commands:/home/krisha/ros2_ws/src/install/my_robot_controller/lib/python3.10/site-packages:${PYTHONPATH} /usr/bin/python3 -W ignore:setup.py install is deprecated setup.py develop --editable --build-directory /home/krisha/ros2_ws/src/build/my_robot_controller/build --no-deps symlink_data
[1.412s] running develop
[1.412s] /home/krisha/.local/lib/python3.10/site-packages/setuptools/command/develop.py:42: EasyInstallDeprecationWarning: easy_install command is deprecated.
[1.413s] !!
[1.413s] 
[1.413s]         ********************************************************************************
[1.413s]         Please avoid running ``setup.py`` and ``easy_install``.
[1.414s]         Instead, use pypa/build, pypa/installer or other
[1.414s]         standards-based tools.
[1.414s] 
[1.415s]         See https://github.com/pypa/setuptools/issues/917 for details.
[1.415s]         ********************************************************************************
[1.415s] 
[1.416s] !!
[1.416s]   easy_install.initialize_options(self)
[1.681s] running egg_info
[1.701s] writing my_robot_controller.egg-info/PKG-INFO
[1.704s] writing dependency_links to my_robot_controller.egg-info/dependency_links.txt
[1.704s] writing entry points to my_robot_controller.egg-info/entry_points.txt
[1.707s] writing requirements to my_robot_controller.egg-info/requires.txt
[1.707s] writing top-level names to my_robot_controller.egg-info/top_level.txt
[1.758s] reading manifest file 'my_robot_controller.egg-info/SOURCES.txt'
[1.760s] writing manifest file 'my_robot_controller.egg-info/SOURCES.txt'
[1.777s] running build_ext
[1.779s] Creating /home/krisha/ros2_ws/src/install/my_robot_controller/lib/python3.10/site-packages/my-robot-controller.egg-link (link to .)
[1.779s] Installing draw_circle script to /home/krisha/ros2_ws/src/install/my_robot_controller/lib/my_robot_controller
[1.780s] Installing pose_subscriber script to /home/krisha/ros2_ws/src/install/my_robot_controller/lib/my_robot_controller
[1.780s] Installing test_node script to /home/krisha/ros2_ws/src/install/my_robot_controller/lib/my_robot_controller
[1.780s] 
[1.780s] Installed /home/krisha/ros2_ws/src/build/my_robot_controller
[1.780s] running symlink_data
[1.820s] Invoked command in '/home/krisha/ros2_ws/src/build/my_robot_controller' returned '0': PYTHONPATH=/home/krisha/ros2_ws/src/build/my_robot_controller/prefix_override:/home/krisha/.local/lib/python3.10/site-packages/colcon_core/task/python/colcon_distutils_commands:/home/krisha/ros2_ws/src/install/my_robot_controller/lib/python3.10/site-packages:${PYTHONPATH} /usr/bin/python3 -W ignore:setup.py install is deprecated setup.py develop --editable --build-directory /home/krisha/ros2_ws/src/build/my_robot_controller/build --no-deps symlink_data
