[1.041s] Invoking command in '/home/krisha/ros2_ws/src/my_robot_controller': PYTHONPATH=/home/krisha/ros2_ws/build/my_robot_controller/prefix_override:/home/krisha/.local/lib/python3.10/site-packages/colcon_core/task/python/colcon_distutils_commands:/home/krisha/ros2_ws/install/my_robot_controller/lib/python3.10/site-packages:${PYTHONPATH} /usr/bin/python3 -W ignore:setup.py install is deprecated setup.py egg_info --egg-base ../../build/my_robot_controller build --build-base /home/krisha/ros2_ws/build/my_robot_controller/build install --record /home/krisha/ros2_ws/build/my_robot_controller/install.log --single-version-externally-managed install_data
[1.290s] running egg_info
[1.315s] writing ../../build/my_robot_controller/my_robot_controller.egg-info/PKG-INFO
[1.322s] writing dependency_links to ../../build/my_robot_controller/my_robot_controller.egg-info/dependency_links.txt
[1.323s] writing entry points to ../../build/my_robot_controller/my_robot_controller.egg-info/entry_points.txt
[1.323s] writing requirements to ../../build/my_robot_controller/my_robot_controller.egg-info/requires.txt
[1.323s] writing top-level names to ../../build/my_robot_controller/my_robot_controller.egg-info/top_level.txt
[1.357s] reading manifest file '../../build/my_robot_controller/my_robot_controller.egg-info/SOURCES.txt'
[1.357s] writing manifest file '../../build/my_robot_controller/my_robot_controller.egg-info/SOURCES.txt'
[1.358s] running build
[1.358s] running build_py
[1.358s] copying my_robot_controller/my_first_node.py -> /home/krisha/ros2_ws/build/my_robot_controller/build/lib/my_robot_controller
[1.364s] copying my_robot_controller/__init__.py -> /home/krisha/ros2_ws/build/my_robot_controller/build/lib/my_robot_controller
[1.364s] running install
[1.364s] running install_lib
[1.382s] copying /home/krisha/ros2_ws/build/my_robot_controller/build/lib/my_robot_controller/my_first_node.py -> /home/krisha/ros2_ws/install/my_robot_controller/lib/python3.10/site-packages/my_robot_controller
[1.382s] byte-compiling /home/krisha/ros2_ws/install/my_robot_controller/lib/python3.10/site-packages/my_robot_controller/my_first_node.py to my_first_node.cpython-310.pyc
[1.383s] running install_data
[1.383s] copying resource/my_robot_controller -> /home/krisha/ros2_ws/install/my_robot_controller/share/ament_index/resource_index/packages
[1.383s] copying package.xml -> /home/krisha/ros2_ws/install/my_robot_controller/share/my_robot_controller
[1.384s] running install_egg_info
[1.403s] removing '/home/krisha/ros2_ws/install/my_robot_controller/lib/python3.10/site-packages/my_robot_controller-0.0.0-py3.10.egg-info' (and everything under it)
[1.404s] Copying ../../build/my_robot_controller/my_robot_controller.egg-info to /home/krisha/ros2_ws/install/my_robot_controller/lib/python3.10/site-packages/my_robot_controller-0.0.0-py3.10.egg-info
[1.405s] running install_scripts
[1.552s] Installing test_node script to /home/krisha/ros2_ws/install/my_robot_controller/lib/my_robot_controller
[1.552s] writing list of installed files to '/home/krisha/ros2_ws/build/my_robot_controller/install.log'
[1.590s] Invoked command in '/home/krisha/ros2_ws/src/my_robot_controller' returned '0': PYTHONPATH=/home/krisha/ros2_ws/build/my_robot_controller/prefix_override:/home/krisha/.local/lib/python3.10/site-packages/colcon_core/task/python/colcon_distutils_commands:/home/krisha/ros2_ws/install/my_robot_controller/lib/python3.10/site-packages:${PYTHONPATH} /usr/bin/python3 -W ignore:setup.py install is deprecated setup.py egg_info --egg-base ../../build/my_robot_controller build --build-base /home/krisha/ros2_ws/build/my_robot_controller/build install --record /home/krisha/ros2_ws/build/my_robot_controller/install.log --single-version-externally-managed install_data
