[0.756s] Invoking command in '/home/krisha/ros2_ws/build/my_robot_controller': PYTHONPATH=/home/krisha/ros2_ws/build/my_robot_controller/prefix_override:/home/krisha/.local/lib/python3.10/site-packages/colcon_core/task/python/colcon_distutils_commands:/home/krisha/ros2_ws/install/my_robot_controller/lib/python3.10/site-packages:${PYTHONPATH} /usr/bin/python3 -W ignore:setup.py install is deprecated setup.py develop --editable --build-directory /home/krisha/ros2_ws/build/my_robot_controller/build --no-deps symlink_data
[1.015s] running develop
[1.016s] /home/krisha/.local/lib/python3.10/site-packages/setuptools/command/develop.py:42: EasyInstallDeprecationWarning: easy_install command is deprecated.
[1.016s] !!
[1.016s] 
[1.016s]         ********************************************************************************
[1.016s]         Please avoid running ``setup.py`` and ``easy_install``.
[1.016s]         Instead, use pypa/build, pypa/installer or other
[1.016s]         standards-based tools.
[1.016s] 
[1.016s]         See https://github.com/pypa/setuptools/issues/917 for details.
[1.016s]         ********************************************************************************
[1.016s] 
[1.016s] !!
[1.016s]   easy_install.initialize_options(self)
[1.189s] running egg_info
[1.200s] writing my_robot_controller.egg-info/PKG-INFO
[1.202s] writing dependency_links to my_robot_controller.egg-info/dependency_links.txt
[1.208s] writing entry points to my_robot_controller.egg-info/entry_points.txt
[1.209s] writing requirements to my_robot_controller.egg-info/requires.txt
[1.209s] writing top-level names to my_robot_controller.egg-info/top_level.txt
[1.247s] reading manifest file 'my_robot_controller.egg-info/SOURCES.txt'
[1.247s] writing manifest file 'my_robot_controller.egg-info/SOURCES.txt'
[1.260s] running build_ext
[1.260s] Creating /home/krisha/ros2_ws/install/my_robot_controller/lib/python3.10/site-packages/my-robot-controller.egg-link (link to .)
[1.262s] Installing draw_circle script to /home/krisha/ros2_ws/install/my_robot_controller/lib/my_robot_controller
[1.262s] Installing pose_subscriber script to /home/krisha/ros2_ws/install/my_robot_controller/lib/my_robot_controller
[1.262s] Installing test_node script to /home/krisha/ros2_ws/install/my_robot_controller/lib/my_robot_controller
[1.262s] 
[1.262s] Installed /home/krisha/ros2_ws/build/my_robot_controller
[1.262s] running symlink_data
[1.297s] Invoked command in '/home/krisha/ros2_ws/build/my_robot_controller' returned '0': PYTHONPATH=/home/krisha/ros2_ws/build/my_robot_controller/prefix_override:/home/krisha/.local/lib/python3.10/site-packages/colcon_core/task/python/colcon_distutils_commands:/home/krisha/ros2_ws/install/my_robot_controller/lib/python3.10/site-packages:${PYTHONPATH} /usr/bin/python3 -W ignore:setup.py install is deprecated setup.py develop --editable --build-directory /home/krisha/ros2_ws/build/my_robot_controller/build --no-deps symlink_data
