[0.774s] Invoking command in '/home/krisha/ros2_ws/build/my_robot_controller': PYTHONPATH=/home/krisha/ros2_ws/build/my_robot_controller/prefix_override:/home/krisha/.local/lib/python3.10/site-packages/colcon_core/task/python/colcon_distutils_commands:/home/krisha/ros2_ws/install/my_robot_controller/lib/python3.10/site-packages:${PYTHONPATH} /usr/bin/python3 -W ignore:setup.py install is deprecated setup.py develop --editable --build-directory /home/krisha/ros2_ws/build/my_robot_controller/build --no-deps symlink_data --force
[1.124s] running develop
[1.137s] /home/krisha/.local/lib/python3.10/site-packages/setuptools/command/develop.py:42: EasyInstallDeprecationWarning: easy_install command is deprecated.
[1.137s] !!
[1.137s] 
[1.137s]         ********************************************************************************
[1.137s]         Please avoid running ``setup.py`` and ``easy_install``.
[1.137s]         Instead, use pypa/build, pypa/installer or other
[1.137s]         standards-based tools.
[1.137s] 
[1.137s]         See https://github.com/pypa/setuptools/issues/917 for details.
[1.137s]         ********************************************************************************
[1.137s] 
[1.137s] !!
[1.137s]   easy_install.initialize_options(self)
[1.392s] running egg_info
[1.411s] writing my_robot_controller.egg-info/PKG-INFO
[1.415s] writing dependency_links to my_robot_controller.egg-info/dependency_links.txt
[1.415s] writing entry points to my_robot_controller.egg-info/entry_points.txt
[1.415s] writing requirements to my_robot_controller.egg-info/requires.txt
[1.415s] writing top-level names to my_robot_controller.egg-info/top_level.txt
[1.483s] reading manifest file 'my_robot_controller.egg-info/SOURCES.txt'
[1.484s] writing manifest file 'my_robot_controller.egg-info/SOURCES.txt'
[1.504s] running build_ext
[1.504s] Creating /home/krisha/ros2_ws/install/my_robot_controller/lib/python3.10/site-packages/my-robot-controller.egg-link (link to .)
[1.505s] Installing test_node script to /home/krisha/ros2_ws/install/my_robot_controller/lib/my_robot_controller
[1.506s] 
[1.506s] Installed /home/krisha/ros2_ws/build/my_robot_controller
[1.506s] running symlink_data
[1.506s] symbolically linking /home/krisha/ros2_ws/build/my_robot_controller/resource/my_robot_controller -> /home/krisha/ros2_ws/install/my_robot_controller/share/ament_index/resource_index/packages
[1.506s] symbolically linking /home/krisha/ros2_ws/build/my_robot_controller/package.xml -> /home/krisha/ros2_ws/install/my_robot_controller/share/my_robot_controller
[1.584s] Invoked command in '/home/krisha/ros2_ws/build/my_robot_controller' returned '0': PYTHONPATH=/home/krisha/ros2_ws/build/my_robot_controller/prefix_override:/home/krisha/.local/lib/python3.10/site-packages/colcon_core/task/python/colcon_distutils_commands:/home/krisha/ros2_ws/install/my_robot_controller/lib/python3.10/site-packages:${PYTHONPATH} /usr/bin/python3 -W ignore:setup.py install is deprecated setup.py develop --editable --build-directory /home/krisha/ros2_ws/build/my_robot_controller/build --no-deps symlink_data --force
