[0.841s] Invoking command in '/home/krisha/ros2_ws/src/my_robot_controller': PYTHONPATH=/home/krisha/ros2_ws/build/my_robot_controller/prefix_override:/home/krisha/.local/lib/python3.10/site-packages/colcon_core/task/python/colcon_distutils_commands:/home/krisha/ros2_ws/install/my_robot_controller/lib/python3.10/site-packages:${PYTHONPATH} /usr/bin/python3 -W ignore:setup.py install is deprecated setup.py egg_info --egg-base ../../build/my_robot_controller build --build-base /home/krisha/ros2_ws/build/my_robot_controller/build install --record /home/krisha/ros2_ws/build/my_robot_controller/install.log --single-version-externally-managed install_data
[1.124s] running egg_info
[1.139s] writing ../../build/my_robot_controller/my_robot_controller.egg-info/PKG-INFO
[1.142s] writing dependency_links to ../../build/my_robot_controller/my_robot_controller.egg-info/dependency_links.txt
[1.142s] writing requirements to ../../build/my_robot_controller/my_robot_controller.egg-info/requires.txt
[1.142s] writing top-level names to ../../build/my_robot_controller/my_robot_controller.egg-info/top_level.txt
[1.174s] reading manifest file '../../build/my_robot_controller/my_robot_controller.egg-info/SOURCES.txt'
[1.175s] writing manifest file '../../build/my_robot_controller/my_robot_controller.egg-info/SOURCES.txt'
[1.175s] running build
[1.175s] running build_py
[1.175s] copying my_robot_controller/__init__.py -> /home/krisha/ros2_ws/build/my_robot_controller/build/lib/my_robot_controller
[1.175s] running install
[1.180s] running install_lib
[1.196s] running install_data
[1.196s] copying resource/my_robot_controller -> /home/krisha/ros2_ws/install/my_robot_controller/share/ament_index/resource_index/packages
[1.196s] copying package.xml -> /home/krisha/ros2_ws/install/my_robot_controller/share/my_robot_controller
[1.196s] running install_egg_info
[1.215s] removing '/home/krisha/ros2_ws/install/my_robot_controller/lib/python3.10/site-packages/my_robot_controller-0.0.0-py3.10.egg-info' (and everything under it)
[1.215s] Copying ../../build/my_robot_controller/my_robot_controller.egg-info to /home/krisha/ros2_ws/install/my_robot_controller/lib/python3.10/site-packages/my_robot_controller-0.0.0-py3.10.egg-info
[1.216s] running install_scripts
[1.365s] writing list of installed files to '/home/krisha/ros2_ws/build/my_robot_controller/install.log'
[1.400s] Invoked command in '/home/krisha/ros2_ws/src/my_robot_controller' returned '0': PYTHONPATH=/home/krisha/ros2_ws/build/my_robot_controller/prefix_override:/home/krisha/.local/lib/python3.10/site-packages/colcon_core/task/python/colcon_distutils_commands:/home/krisha/ros2_ws/install/my_robot_controller/lib/python3.10/site-packages:${PYTHONPATH} /usr/bin/python3 -W ignore:setup.py install is deprecated setup.py egg_info --egg-base ../../build/my_robot_controller build --build-base /home/krisha/ros2_ws/build/my_robot_controller/build install --record /home/krisha/ros2_ws/build/my_robot_controller/install.log --single-version-externally-managed install_data
